<?xml version="1.0" encoding="UTF-8"?>
<!-- Generated by org.testng.reporters.JUnitXMLReporter -->
<testsuite ignored="0" hostname="PF13GS4P" failures="0" tests="3" name="Default test" time="45.414" errors="0" timestamp="2019-11-29T16:22:35 CST">
  <testcase classname="automation.TestBaseProject.TestLogin" name="testLogOff" time="2.229"/>
  <testcase classname="automation.TestBaseProject.TestLogin" name="testLogOn" time="5.414"/>
  <testcase classname="automation.TestBaseProject.TestLogin" name="testLogOnFields" time="5.265"/>
</testsuite> <!-- Default test -->
