<?xml version="1.0" encoding="UTF-8"?>
<!-- Generated by org.testng.reporters.JUnitXMLReporter -->
<testsuite ignored="0" hostname="PF13GS4P" failures="0" tests="4" name="Default test" time="79.292" errors="0" timestamp="2019-12-02T17:11:56 CST">
  <testcase classname="automation.TestBaseProject.TestLogin" name="testLogOff" time="1.532"/>
  <testcase classname="automation.TestBaseProject.TestLogin" name="testLogOn" time="20.18"/>
  <testcase classname="automation.TestBaseProject.TestLogin" name="testLogOnFields" time="7.449"/>
  <testcase classname="automation.TestBaseProject.TestLogin" name="testTitle" time="1.494"/>
</testsuite> <!-- Default test -->
