<?xml version="1.0" encoding="UTF-8"?>
<testng-results ignored="0" total="1" passed="1" failed="0" skipped="0">
  <reporter-output>
  </reporter-output>
  <suite started-at="2019-11-28T13:46:42 CST" name="Default suite" finished-at="2019-11-28T13:47:06 CST" duration-ms="23804">
    <groups>
    </groups>
    <test started-at="2019-11-28T13:46:42 CST" name="Default test" finished-at="2019-11-28T13:47:06 CST" duration-ms="23804">
      <class name="automation.TestBaseProject.TestLogin">
        <test-method is-config="true" signature="setUp()[pri:0, instance:automation.TestBaseProject.TestLogin@47542153]" started-at="2019-11-28T13:46:43 CST" name="setUp" finished-at="2019-11-28T13:46:59 CST" duration-ms="15999" status="PASS">
          <reporter-output>
          </reporter-output>
        </test-method> <!-- setUp -->
        <test-method signature="test()[pri:0, instance:automation.TestBaseProject.TestLogin@47542153]" started-at="2019-11-28T13:46:59 CST" name="test" finished-at="2019-11-28T13:47:06 CST" duration-ms="7595" status="PASS">
          <reporter-output>
          </reporter-output>
        </test-method> <!-- test -->
        <test-method is-config="true" signature="tearDown()[pri:0, instance:automation.TestBaseProject.TestLogin@47542153]" started-at="2019-11-28T13:47:06 CST" name="tearDown" finished-at="2019-11-28T13:47:06 CST" duration-ms="158" status="PASS">
          <reporter-output>
          </reporter-output>
        </test-method> <!-- tearDown -->
      </class> <!-- automation.TestBaseProject.TestLogin -->
    </test> <!-- Default test -->
  </suite> <!-- Default suite -->
</testng-results>
