<?xml version="1.0" encoding="UTF-8"?>
<testng-results ignored="0" total="2" passed="2" failed="0" skipped="0">
  <reporter-output>
  </reporter-output>
  <suite started-at="2019-11-28T15:39:36 CST" name="Default suite" finished-at="2019-11-28T15:41:38 CST" duration-ms="122298">
    <groups>
    </groups>
    <test started-at="2019-11-28T15:39:36 CST" name="Default test" finished-at="2019-11-28T15:41:38 CST" duration-ms="122298">
      <class name="automation.TestBaseProject.TestLogin">
        <test-method is-config="true" signature="setUp()[pri:0, instance:automation.TestBaseProject.TestLogin@d4342c2]" started-at="2019-11-28T15:39:36 CST" name="setUp" finished-at="2019-11-28T15:39:52 CST" duration-ms="16151" status="PASS">
          <reporter-output>
          </reporter-output>
        </test-method> <!-- setUp -->
        <test-method signature="testLogOff()[pri:0, instance:automation.TestBaseProject.TestLogin@d4342c2]" started-at="2019-11-28T15:39:52 CST" name="testLogOff" finished-at="2019-11-28T15:40:00 CST" duration-ms="7485" status="PASS">
          <reporter-output>
          </reporter-output>
        </test-method> <!-- testLogOff -->
        <test-method is-config="true" signature="tearDown()[pri:0, instance:automation.TestBaseProject.TestLogin@d4342c2]" started-at="2019-11-28T15:40:00 CST" name="tearDown" finished-at="2019-11-28T15:40:00 CST" duration-ms="120" status="PASS">
          <reporter-output>
          </reporter-output>
        </test-method> <!-- tearDown -->
        <test-method is-config="true" signature="setUp()[pri:0, instance:automation.TestBaseProject.TestLogin@d4342c2]" started-at="2019-11-28T15:40:00 CST" name="setUp" finished-at="2019-11-28T15:40:15 CST" duration-ms="15438" status="PASS">
          <reporter-output>
          </reporter-output>
        </test-method> <!-- setUp -->
        <test-method signature="testLogOn()[pri:0, instance:automation.TestBaseProject.TestLogin@d4342c2]" started-at="2019-11-28T15:40:15 CST" name="testLogOn" finished-at="2019-11-28T15:41:38 CST" duration-ms="82910" status="PASS">
          <reporter-output>
          </reporter-output>
        </test-method> <!-- testLogOn -->
        <test-method is-config="true" signature="tearDown()[pri:0, instance:automation.TestBaseProject.TestLogin@d4342c2]" started-at="2019-11-28T15:41:38 CST" name="tearDown" finished-at="2019-11-28T15:41:38 CST" duration-ms="151" status="PASS">
          <reporter-output>
          </reporter-output>
        </test-method> <!-- tearDown -->
      </class> <!-- automation.TestBaseProject.TestLogin -->
    </test> <!-- Default test -->
  </suite> <!-- Default suite -->
</testng-results>
